\BOOKMARK [0][-]{chapter.1}{\376\377\000P\000r\000e\000f\000a\000c\000e}{}% 1
\BOOKMARK [1][-]{section.1.1}{\376\377\000A\000b\000o\000u\000t}{chapter.1}% 2
\BOOKMARK [2][-]{subsection.1.1.1}{\376\377\000A\000b\000o\000u\000t\000\040\000t\000h\000i\000s\000\040\000A\000P\000I}{section.1.1}% 3
\BOOKMARK [2][-]{subsection.1.1.2}{\376\377\000A\000b\000o\000u\000t\000\040\000t\000h\000e\000\040\000a\000u\000t\000h\000o\000r}{section.1.1}% 4
\BOOKMARK [1][-]{section.1.2}{\376\377\000A\000c\000k\000n\000o\000w\000l\000e\000d\000g\000e\000m\000e\000n\000t}{chapter.1}% 5
\BOOKMARK [1][-]{section.1.3}{\376\377\000F\000e\000e\000d\000b\000a\000c\000k\000\040\000a\000n\000d\000\040\000s\000u\000g\000g\000e\000s\000t\000i\000o\000n\000s}{chapter.1}% 6
\BOOKMARK [0][-]{chapter.2}{\376\377\000H\000o\000w\000\040\000t\000o\000\040\000I\000n\000s\000t\000a\000l\000l}{}% 7
\BOOKMARK [1][-]{section.2.1}{\376\377\000I\000n\000s\000t\000a\000l\000l\000\040\000w\000i\000t\000h\000\040\000p\000i\000p}{chapter.2}% 8
\BOOKMARK [1][-]{section.2.2}{\376\377\000I\000n\000s\000t\000a\000l\000l\000\040\000f\000r\000o\000m\000\040\000R\000e\000p\000o}{chapter.2}% 9
\BOOKMARK [2][-]{subsection.2.2.1}{\376\377\000C\000l\000o\000n\000e\000\040\000t\000h\000e\000\040\000R\000e\000p\000o\000s\000i\000t\000o\000r\000y}{section.2.2}% 10
\BOOKMARK [2][-]{subsection.2.2.2}{\376\377\000I\000n\000s\000t\000a\000l\000l}{section.2.2}% 11
\BOOKMARK [1][-]{section.2.3}{\376\377\000U\000n\000i\000n\000s\000t\000a\000l\000l}{chapter.2}% 12
\BOOKMARK [1][-]{section.2.4}{\376\377\000T\000e\000s\000t}{chapter.2}% 13
\BOOKMARK [2][-]{subsection.2.4.1}{\376\377\000R\000u\000n\000\040\000t\000e\000s\000t\000\040\000c\000o\000d\000e}{section.2.4}% 14
\BOOKMARK [2][-]{subsection.2.4.2}{\376\377\000A\000u\000d\000i\000t\000e\000d\000\040\000R\000e\000s\000u\000l\000t\000s}{section.2.4}% 15
\BOOKMARK [0][-]{chapter.3}{\376\377\000P\000y\000S\000p\000a\000r\000k\000\040\000D\000a\000t\000a\000\040\000A\000u\000d\000i\000t\000\040\000F\000u\000n\000c\000t\000i\000o\000n\000s}{}% 16
\BOOKMARK [1][-]{section.3.1}{\376\377\000B\000a\000s\000i\000c\000\040\000F\000u\000n\000c\000t\000i\000o\000n\000s}{chapter.3}% 17
\BOOKMARK [2][-]{subsection.3.1.1}{\376\377\000m\000k\000d\000i\000r}{section.3.1}% 18
\BOOKMARK [2][-]{subsection.3.1.2}{\376\377\000m\000k\000d\000i\000r\000\137\000c\000l\000e\000a\000n}{section.3.1}% 19
\BOOKMARK [2][-]{subsection.3.1.3}{\376\377\000d\000f\000\137\000m\000e\000r\000g\000e}{section.3.1}% 20
\BOOKMARK [2][-]{subsection.3.1.4}{\376\377\000d\000a\000t\000a\000\137\000t\000y\000p\000e\000s}{section.3.1}% 21
\BOOKMARK [2][-]{subsection.3.1.5}{\376\377\000d\000t\000y\000p\000e\000s\000\137\000c\000l\000a\000s\000s}{section.3.1}% 22
\BOOKMARK [2][-]{subsection.3.1.6}{\376\377\000c\000o\000u\000n\000t\000s}{section.3.1}% 23
\BOOKMARK [2][-]{subsection.3.1.7}{\376\377\000d\000e\000s\000c\000r\000i\000b\000e}{section.3.1}% 24
\BOOKMARK [2][-]{subsection.3.1.8}{\376\377\000p\000e\000r\000c\000e\000n\000t\000i\000l\000e\000s}{section.3.1}% 25
\BOOKMARK [2][-]{subsection.3.1.9}{\376\377\000f\000e\000a\000t\000u\000r\000e\000\137\000l\000e\000n}{section.3.1}% 26
\BOOKMARK [2][-]{subsection.3.1.10}{\376\377\000f\000r\000e\000q\000\137\000i\000t\000e\000m\000s}{section.3.1}% 27
\BOOKMARK [2][-]{subsection.3.1.11}{\376\377\000r\000a\000t\000e\000s}{section.3.1}% 28
\BOOKMARK [2][-]{subsection.3.1.12}{\376\377\000c\000o\000r\000r\000\137\000m\000a\000t\000r\000i\000x}{section.3.1}% 29
\BOOKMARK [1][-]{section.3.2}{\376\377\000P\000l\000o\000t\000\040\000F\000u\000n\000c\000t\000i\000o\000n\000s}{chapter.3}% 30
\BOOKMARK [2][-]{subsection.3.2.1}{\376\377\000h\000i\000s\000t\000\137\000p\000l\000o\000t}{section.3.2}% 31
\BOOKMARK [2][-]{subsection.3.2.2}{\376\377\000b\000a\000r\000\137\000p\000l\000o\000t}{section.3.2}% 32
\BOOKMARK [2][-]{subsection.3.2.3}{\376\377\000t\000r\000e\000n\000d\000\137\000p\000l\000o\000t}{section.3.2}% 33
\BOOKMARK [1][-]{section.3.3}{\376\377\000S\000u\000m\000m\000a\000r\000y\000\040\000F\000u\000n\000c\000t\000i\000o\000n\000s}{chapter.3}% 34
\BOOKMARK [2][-]{subsection.3.3.1}{\376\377\000d\000a\000t\000a\000s\000e\000t\000\137\000s\000u\000m\000m\000a\000r\000y}{section.3.3}% 35
\BOOKMARK [2][-]{subsection.3.3.2}{\376\377\000n\000u\000m\000e\000r\000i\000c\000\137\000s\000u\000m\000m\000a\000r\000y}{section.3.3}% 36
\BOOKMARK [2][-]{subsection.3.3.3}{\376\377\000c\000a\000t\000e\000g\000o\000r\000y\000\137\000s\000u\000m\000m\000a\000r\000y}{section.3.3}% 37
\BOOKMARK [1][-]{section.3.4}{\376\377\000A\000u\000d\000i\000t\000i\000n\000g\000\040\000F\000u\000n\000c\000t\000i\000o\000n}{chapter.3}% 38
\BOOKMARK [2][-]{subsection.3.4.1}{\376\377\000a\000u\000d\000i\000t\000i\000n\000g}{section.3.4}% 39
\BOOKMARK [1][-]{section.3.5}{\376\377\000P\000l\000o\000t\000t\000i\000n\000g\000\040\000F\000u\000n\000c\000t\000i\000o\000n}{chapter.3}% 40
\BOOKMARK [2][-]{subsection.3.5.1}{\376\377\000f\000i\000g\000\137\000p\000l\000o\000t\000s}{section.3.5}% 41
\BOOKMARK [0][-]{chapter.4}{\376\377\000A\000u\000d\000i\000t\000i\000n\000g\000\040\000D\000e\000m\000o\000s}{}% 42
\BOOKMARK [1][-]{section.4.1}{\376\377\000A\000u\000d\000i\000t\000i\000n\000g\000\040\000f\000u\000n\000c\000t\000i\000o\000n\000\040\000b\000y\000\040\000f\000u\000n\000c\000t\000i\000o\000n}{chapter.4}% 43
\BOOKMARK [1][-]{section.4.2}{\376\377\000A\000u\000d\000i\000t\000i\000n\000g\000\040\000i\000n\000\040\000o\000n\000e\000\040\000f\000u\000n\000c\000t\000i\000o\000n}{chapter.4}% 44
\BOOKMARK [2][-]{subsection.4.2.1}{\376\377\000p\000r\000i\000n\000t\000\040\000i\000n\000\040\000b\000a\000s\000h}{section.4.2}% 45
\BOOKMARK [2][-]{subsection.4.2.2}{\376\377\000A\000u\000d\000i\000t\000e\000d\000\040\000r\000e\000s\000u\000l\000t\000s\000\040\000f\000o\000l\000d\000e\000r}{section.4.2}% 46
\BOOKMARK [1][-]{section.4.3}{\376\377\000A\000u\000d\000i\000t\000i\000n\000g\000\040\000o\000n\000\040\000B\000i\000g\000\040\000D\000a\000t\000a\000s\000e\000t}{chapter.4}% 47
\BOOKMARK [2][-]{subsection.4.3.1}{\376\377\000p\000r\000i\000n\000t\000\040\000i\000n\000\040\000b\000a\000s\000h}{section.4.3}% 48
\BOOKMARK [2][-]{subsection.4.3.2}{\376\377\000A\000u\000d\000i\000t\000e\000d\000\040\000r\000e\000s\000u\000l\000t\000s\000\040\000f\000o\000l\000d\000e\000r}{section.4.3}% 49
\BOOKMARK [0][-]{chapter.5}{\376\377\000M\000a\000i\000n\000\040\000R\000e\000f\000e\000r\000e\000n\000c\000e}{}% 50
\BOOKMARK [0][-]{chapter*.4}{\376\377\000B\000i\000b\000l\000i\000o\000g\000r\000a\000p\000h\000y}{}% 51
